<?xml version="1.0" encoding="UTF-8"?>
<!-- Generated by org.testng.reporters.JUnitReportReporter -->
<testsuite hostname="GENIUS" name="testcases.RoadRunnerSports" tests="1" failures="0" timestamp="18 Sep 2018 13:16:49 GMT" time="11.296" errors="0">
  <testcase name="testScripts" time="11.296" classname="testcases.RoadRunnerSports"/>
</testsuite> <!-- testcases.RoadRunnerSports -->
