<?xml version="1.0" encoding="UTF-8"?>
<!-- Generated by org.testng.reporters.JUnitReportReporter -->
<testsuite hostname="GENIUS" name="testcases.TC004_DeleteLead" tests="2" failures="0" timestamp="24 Jul 2017 16:05:03 GMT" time="61.914" errors="0">
  <testcase name="deleteLead" time="31.917" classname="testcases.TC004_DeleteLead"/>
  <testcase name="deleteLead" time="29.997" classname="testcases.TC004_DeleteLead"/>
</testsuite> <!-- testcases.TC004_DeleteLead -->
