<?xml version="1.0" encoding="UTF-8"?>
<!-- Generated by org.testng.reporters.JUnitReportReporter -->
<testsuite hostname="GENIUS" name="testcases.TC006_DuplicateLead" tests="1" failures="0" timestamp="29 Jul 2017 05:30:26 GMT" time="28.755" errors="0">
  <testcase name="duplicateLead" time="28.755" classname="testcases.TC006_DuplicateLead"/>
</testsuite> <!-- testcases.TC006_DuplicateLead -->
