<?xml version="1.0" encoding="UTF-8"?>
<!-- Generated by org.testng.reporters.JUnitReportReporter -->
<testsuite hostname="GENIUS" name="testcases.TC001_LoginLogOut" tests="2" failures="0" timestamp="23 Jul 2017 07:49:27 GMT" time="32.869" errors="0">
  <testcase name="loginLogOut" time="15.074" classname="testcases.TC001_LoginLogOut"/>
  <testcase name="loginLogOut" time="17.795" classname="testcases.TC001_LoginLogOut"/>
</testsuite> <!-- testcases.TC001_LoginLogOut -->
