<?xml version="1.0" encoding="UTF-8"?>
<!-- Generated by org.testng.reporters.JUnitReportReporter -->
<testsuite hostname="GENIUS" name="testcases.TC005_MergeLead" tests="1" failures="0" timestamp="29 Jul 2017 04:28:35 GMT" time="35.040" errors="0">
  <testcase name="mergeLead" time="35.040" classname="testcases.TC005_MergeLead"/>
</testsuite> <!-- testcases.TC005_MergeLead -->
