<?xml version="1.0" encoding="UTF-8"?>
<!-- Generated by org.testng.reporters.JUnitReportReporter -->
<testsuite hostname="GENIUS" name="testcases.TC002_EditLead" tests="1" failures="0" timestamp="29 Jul 2017 05:09:38 GMT" time="27.939" errors="0">
  <testcase name="editLead" time="27.939" classname="testcases.TC002_EditLead"/>
</testsuite> <!-- testcases.TC002_EditLead -->
