<?xml version="1.0" encoding="UTF-8"?>
<!-- Generated by org.testng.reporters.JUnitReportReporter -->
<testsuite hostname="GENIUS" name="testcases.TC003_CreateLead" tests="2" failures="0" timestamp="23 Jul 2017 19:00:39 GMT" time="48.191" errors="0">
  <testcase name="createLead" time="24.171" classname="testcases.TC003_CreateLead"/>
  <testcase name="createLead" time="24.020" classname="testcases.TC003_CreateLead"/>
</testsuite> <!-- testcases.TC003_CreateLead -->
